{"name":"hexo","hostname":"DESKTOP-04UDUGC","pid":13356,"level":20,"msg":"Hexo version: 3.4.4","time":"2017-12-23T09:03:15.283Z","v":0}
{"name":"hexo","hostname":"DESKTOP-04UDUGC","pid":13356,"level":20,"msg":"Working directory: C:\\hexo\\","time":"2017-12-23T09:03:15.285Z","v":0}
{"name":"hexo","hostname":"DESKTOP-04UDUGC","pid":13356,"level":20,"msg":"Config loaded: C:\\hexo\\_config.yml","time":"2017-12-23T09:03:15.491Z","v":0}
{"name":"hexo","hostname":"DESKTOP-04UDUGC","pid":13356,"level":20,"msg":"Plugin loaded: hexo-generator-archive","time":"2017-12-23T09:03:15.510Z","v":0}
{"name":"hexo","hostname":"DESKTOP-04UDUGC","pid":13356,"level":20,"msg":"Plugin loaded: hexo-deployer-git","time":"2017-12-23T09:03:15.515Z","v":0}
{"name":"hexo","hostname":"DESKTOP-04UDUGC","pid":13356,"level":20,"msg":"Plugin loaded: hexo-generator-index","time":"2017-12-23T09:03:15.519Z","v":0}
{"name":"hexo","hostname":"DESKTOP-04UDUGC","pid":13356,"level":20,"msg":"Plugin loaded: hexo-generator-tag","time":"2017-12-23T09:03:15.522Z","v":0}
{"name":"hexo","hostname":"DESKTOP-04UDUGC","pid":13356,"level":20,"msg":"Plugin loaded: hexo-generator-category","time":"2017-12-23T09:03:15.526Z","v":0}
{"name":"hexo","hostname":"DESKTOP-04UDUGC","pid":13356,"level":20,"msg":"Plugin loaded: hexo-renderer-marked","time":"2017-12-23T09:03:15.534Z","v":0}
{"name":"hexo","hostname":"DESKTOP-04UDUGC","pid":13356,"level":20,"msg":"Plugin loaded: hexo-renderer-ejs","time":"2017-12-23T09:03:15.539Z","v":0}
{"name":"hexo","hostname":"DESKTOP-04UDUGC","pid":13356,"level":20,"msg":"Plugin loaded: hexo-renderer-stylus","time":"2017-12-23T09:03:15.541Z","v":0}
{"name":"hexo","hostname":"DESKTOP-04UDUGC","pid":13356,"level":20,"msg":"Plugin loaded: hexo-server","time":"2017-12-23T09:03:15.682Z","v":0}
{"name":"hexo","hostname":"DESKTOP-04UDUGC","pid":13356,"level":20,"msg":"Loading database.","time":"2017-12-23T09:03:15.689Z","v":0}
{"name":"hexo","hostname":"DESKTOP-04UDUGC","pid":13356,"level":30,"msg":"Start processing","time":"2017-12-23T09:03:15.695Z","v":0}
{"name":"hexo","hostname":"DESKTOP-04UDUGC","pid":13356,"level":20,"msg":"Processed: source/favicon.ico","time":"2017-12-23T09:03:15.735Z","v":0}
{"name":"hexo","hostname":"DESKTOP-04UDUGC","pid":13356,"level":20,"msg":"Processed: source/logo.png","time":"2017-12-23T09:03:15.735Z","v":0}
{"name":"hexo","hostname":"DESKTOP-04UDUGC","pid":13356,"level":20,"msg":"Theme config loaded.","time":"2017-12-23T09:03:15.747Z","v":0}
{"name":"hexo","hostname":"DESKTOP-04UDUGC","pid":13356,"level":20,"msg":"Processed: _config.yml","time":"2017-12-23T09:03:15.748Z","v":0}
{"name":"hexo","hostname":"DESKTOP-04UDUGC","pid":13356,"level":20,"msg":"Processed: source/fancybox/blank.gif","time":"2017-12-23T09:03:15.750Z","v":0}
{"name":"hexo","hostname":"DESKTOP-04UDUGC","pid":13356,"level":20,"msg":"Processed: source/fancybox/fancybox_loading.gif","time":"2017-12-23T09:03:15.750Z","v":0}
{"name":"hexo","hostname":"DESKTOP-04UDUGC","pid":13356,"level":20,"msg":"Processed: source/fancybox/fancybox_loading@2x.gif","time":"2017-12-23T09:03:15.750Z","v":0}
{"name":"hexo","hostname":"DESKTOP-04UDUGC","pid":13356,"level":20,"msg":"Processed: source/fancybox/fancybox_overlay.png","time":"2017-12-23T09:03:15.750Z","v":0}
{"name":"hexo","hostname":"DESKTOP-04UDUGC","pid":13356,"level":20,"msg":"Processed: source/fancybox/fancybox_sprite.png","time":"2017-12-23T09:03:15.751Z","v":0}
{"name":"hexo","hostname":"DESKTOP-04UDUGC","pid":13356,"level":20,"msg":"Processed: source/fancybox/jquery.fancybox.css","time":"2017-12-23T09:03:15.751Z","v":0}
{"name":"hexo","hostname":"DESKTOP-04UDUGC","pid":13356,"level":20,"msg":"Processed: source/fancybox/fancybox_sprite@2x.png","time":"2017-12-23T09:03:15.751Z","v":0}
{"name":"hexo","hostname":"DESKTOP-04UDUGC","pid":13356,"level":20,"msg":"Processed: source/fancybox/jquery.fancybox.pack.js","time":"2017-12-23T09:03:15.753Z","v":0}
{"name":"hexo","hostname":"DESKTOP-04UDUGC","pid":13356,"level":20,"msg":"Processed: source/css/style.styl","time":"2017-12-23T09:03:15.753Z","v":0}
{"name":"hexo","hostname":"DESKTOP-04UDUGC","pid":13356,"level":20,"msg":"Processed: source/js/bootstrap.min.js","time":"2017-12-23T09:03:15.753Z","v":0}
{"name":"hexo","hostname":"DESKTOP-04UDUGC","pid":13356,"level":20,"msg":"Processed: source/js/cover.js","time":"2017-12-23T09:03:15.754Z","v":0}
{"name":"hexo","hostname":"DESKTOP-04UDUGC","pid":13356,"level":20,"msg":"Processed: source/js/gallery.js","time":"2017-12-23T09:03:15.754Z","v":0}
{"name":"hexo","hostname":"DESKTOP-04UDUGC","pid":13356,"level":20,"msg":"Processed: source/js/jquery.anystretch.min.js","time":"2017-12-23T09:03:15.754Z","v":0}
{"name":"hexo","hostname":"DESKTOP-04UDUGC","pid":13356,"level":20,"msg":"Processed: source/js/jquery.imagesloaded.min.js","time":"2017-12-23T09:03:15.754Z","v":0}
{"name":"hexo","hostname":"DESKTOP-04UDUGC","pid":13356,"level":20,"msg":"Processed: _posts/hello-world.md","time":"2017-12-23T09:03:15.766Z","v":0}
{"name":"hexo","hostname":"DESKTOP-04UDUGC","pid":13356,"level":20,"msg":"Processed: languages/de.yml","time":"2017-12-23T09:03:15.766Z","v":0}
{"name":"hexo","hostname":"DESKTOP-04UDUGC","pid":13356,"level":20,"msg":"Processed: languages/default.yml","time":"2017-12-23T09:03:15.766Z","v":0}
{"name":"hexo","hostname":"DESKTOP-04UDUGC","pid":13356,"level":20,"msg":"Processed: languages/es.yml","time":"2017-12-23T09:03:15.766Z","v":0}
{"name":"hexo","hostname":"DESKTOP-04UDUGC","pid":13356,"level":20,"msg":"Processed: languages/zh-TW.yml","time":"2017-12-23T09:03:15.767Z","v":0}
{"name":"hexo","hostname":"DESKTOP-04UDUGC","pid":13356,"level":20,"msg":"Processed: languages/zh-CN.yml","time":"2017-12-23T09:03:15.767Z","v":0}
{"name":"hexo","hostname":"DESKTOP-04UDUGC","pid":13356,"level":20,"msg":"Processed: layout/about.ejs","time":"2017-12-23T09:03:15.773Z","v":0}
{"name":"hexo","hostname":"DESKTOP-04UDUGC","pid":13356,"level":20,"msg":"Processed: layout/blog.ejs","time":"2017-12-23T09:03:15.774Z","v":0}
{"name":"hexo","hostname":"DESKTOP-04UDUGC","pid":13356,"level":20,"msg":"Processed: layout/category.ejs","time":"2017-12-23T09:03:15.774Z","v":0}
{"name":"hexo","hostname":"DESKTOP-04UDUGC","pid":13356,"level":20,"msg":"Processed: layout/archive.ejs","time":"2017-12-23T09:03:15.774Z","v":0}
{"name":"hexo","hostname":"DESKTOP-04UDUGC","pid":13356,"level":20,"msg":"Processed: layout/layout.ejs","time":"2017-12-23T09:03:15.774Z","v":0}
{"name":"hexo","hostname":"DESKTOP-04UDUGC","pid":13356,"level":20,"msg":"Processed: layout/page.ejs","time":"2017-12-23T09:03:15.774Z","v":0}
{"name":"hexo","hostname":"DESKTOP-04UDUGC","pid":13356,"level":20,"msg":"Processed: layout/index.ejs","time":"2017-12-23T09:03:15.774Z","v":0}
{"name":"hexo","hostname":"DESKTOP-04UDUGC","pid":13356,"level":20,"msg":"Processed: layout/tag.ejs","time":"2017-12-23T09:03:15.774Z","v":0}
{"name":"hexo","hostname":"DESKTOP-04UDUGC","pid":13356,"level":20,"msg":"Processed: layout/post.ejs","time":"2017-12-23T09:03:15.774Z","v":0}
{"name":"hexo","hostname":"DESKTOP-04UDUGC","pid":13356,"level":20,"msg":"Processed: layout/_partial/about.ejs","time":"2017-12-23T09:03:15.827Z","v":0}
{"name":"hexo","hostname":"DESKTOP-04UDUGC","pid":13356,"level":20,"msg":"Processed: layout/_partial/after_footer.ejs","time":"2017-12-23T09:03:15.828Z","v":0}
{"name":"hexo","hostname":"DESKTOP-04UDUGC","pid":13356,"level":20,"msg":"Processed: layout/_partial/archive.ejs","time":"2017-12-23T09:03:15.828Z","v":0}
{"name":"hexo","hostname":"DESKTOP-04UDUGC","pid":13356,"level":20,"msg":"Processed: layout/_partial/footer.ejs","time":"2017-12-23T09:03:15.828Z","v":0}
{"name":"hexo","hostname":"DESKTOP-04UDUGC","pid":13356,"level":20,"msg":"Processed: layout/_partial/article.ejs","time":"2017-12-23T09:03:15.828Z","v":0}
{"name":"hexo","hostname":"DESKTOP-04UDUGC","pid":13356,"level":20,"msg":"Processed: layout/_partial/comment.ejs","time":"2017-12-23T09:03:15.828Z","v":0}
{"name":"hexo","hostname":"DESKTOP-04UDUGC","pid":13356,"level":20,"msg":"Processed: layout/_partial/duoshuo_comment.ejs","time":"2017-12-23T09:03:15.828Z","v":0}
{"name":"hexo","hostname":"DESKTOP-04UDUGC","pid":13356,"level":20,"msg":"Processed: layout/_partial/google_analytics.ejs","time":"2017-12-23T09:03:15.828Z","v":0}
{"name":"hexo","hostname":"DESKTOP-04UDUGC","pid":13356,"level":20,"msg":"Processed: layout/_partial/head.ejs","time":"2017-12-23T09:03:15.833Z","v":0}
{"name":"hexo","hostname":"DESKTOP-04UDUGC","pid":13356,"level":20,"msg":"Processed: layout/_partial/pagination.ejs","time":"2017-12-23T09:03:15.833Z","v":0}
{"name":"hexo","hostname":"DESKTOP-04UDUGC","pid":13356,"level":20,"msg":"Processed: layout/_partial/header.ejs","time":"2017-12-23T09:03:15.833Z","v":0}
{"name":"hexo","hostname":"DESKTOP-04UDUGC","pid":13356,"level":20,"msg":"Processed: layout/_partial/sidebar.ejs","time":"2017-12-23T09:03:15.833Z","v":0}
{"name":"hexo","hostname":"DESKTOP-04UDUGC","pid":13356,"level":20,"msg":"Processed: layout/_partial/social.ejs","time":"2017-12-23T09:03:15.833Z","v":0}
{"name":"hexo","hostname":"DESKTOP-04UDUGC","pid":13356,"level":20,"msg":"Processed: layout/_widget/recent_posts.ejs","time":"2017-12-23T09:03:15.833Z","v":0}
{"name":"hexo","hostname":"DESKTOP-04UDUGC","pid":13356,"level":20,"msg":"Processed: layout/_widget/category.ejs","time":"2017-12-23T09:03:15.833Z","v":0}
{"name":"hexo","hostname":"DESKTOP-04UDUGC","pid":13356,"level":20,"msg":"Processed: layout/_widget/search.ejs","time":"2017-12-23T09:03:15.833Z","v":0}
{"name":"hexo","hostname":"DESKTOP-04UDUGC","pid":13356,"level":20,"msg":"Processed: layout/_widget/tagcloud.ejs","time":"2017-12-23T09:03:15.833Z","v":0}
{"name":"hexo","hostname":"DESKTOP-04UDUGC","pid":13356,"level":20,"msg":"Processed: layout/_widget/tag.ejs","time":"2017-12-23T09:03:15.833Z","v":0}
{"name":"hexo","hostname":"DESKTOP-04UDUGC","pid":13356,"level":20,"msg":"Processed: layout/_partial/post/gallery.ejs","time":"2017-12-23T09:03:15.835Z","v":0}
{"name":"hexo","hostname":"DESKTOP-04UDUGC","pid":13356,"level":20,"msg":"Processed: layout/_partial/post/share.ejs","time":"2017-12-23T09:03:15.836Z","v":0}
{"name":"hexo","hostname":"DESKTOP-04UDUGC","pid":13356,"level":20,"msg":"Processed: layout/_partial/post/category.ejs","time":"2017-12-23T09:03:15.836Z","v":0}
{"name":"hexo","hostname":"DESKTOP-04UDUGC","pid":13356,"level":20,"msg":"Processed: layout/_partial/post/tag.ejs","time":"2017-12-23T09:03:15.836Z","v":0}
{"name":"hexo","hostname":"DESKTOP-04UDUGC","pid":13356,"level":20,"msg":"Processed: layout/_partial/post/title.ejs","time":"2017-12-23T09:03:15.836Z","v":0}
{"name":"hexo","hostname":"DESKTOP-04UDUGC","pid":13356,"level":20,"msg":"Generator: page","time":"2017-12-23T09:03:16.046Z","v":0}
{"name":"hexo","hostname":"DESKTOP-04UDUGC","pid":13356,"level":20,"msg":"Generator: post","time":"2017-12-23T09:03:16.046Z","v":0}
{"name":"hexo","hostname":"DESKTOP-04UDUGC","pid":13356,"level":20,"msg":"Generator: archive","time":"2017-12-23T09:03:16.046Z","v":0}
{"name":"hexo","hostname":"DESKTOP-04UDUGC","pid":13356,"level":20,"msg":"Generator: index","time":"2017-12-23T09:03:16.047Z","v":0}
{"name":"hexo","hostname":"DESKTOP-04UDUGC","pid":13356,"level":20,"msg":"Generator: tag","time":"2017-12-23T09:03:16.047Z","v":0}
{"name":"hexo","hostname":"DESKTOP-04UDUGC","pid":13356,"level":20,"msg":"Generator: category","time":"2017-12-23T09:03:16.047Z","v":0}
{"name":"hexo","hostname":"DESKTOP-04UDUGC","pid":13356,"level":20,"msg":"Generator: asset","time":"2017-12-23T09:03:16.047Z","v":0}
{"name":"hexo","hostname":"DESKTOP-04UDUGC","pid":13356,"level":30,"msg":"Hexo is running at http://localhost:4000/. Press Ctrl+C to stop.","time":"2017-12-23T09:03:16.051Z","v":0}
{"name":"hexo","hostname":"DESKTOP-04UDUGC","pid":13356,"level":20,"msg":"Database saved","time":"2017-12-23T09:03:16.056Z","v":0}
{"name":"hexo","hostname":"DESKTOP-04UDUGC","pid":13356,"level":20,"msg":"Rendering index: index.html","time":"2017-12-23T09:03:20.312Z","v":0}
{"name":"hexo","hostname":"DESKTOP-04UDUGC","pid":13356,"level":20,"msg":"Rendering index: index.html","time":"2017-12-23T09:03:26.222Z","v":0}
{"name":"hexo","hostname":"DESKTOP-04UDUGC","pid":13356,"level":20,"msg":"Rendering index: index.html","time":"2017-12-23T09:25:32.675Z","v":0}
{"name":"hexo","hostname":"DESKTOP-04UDUGC","pid":13356,"level":20,"msg":"Theme config loaded.","time":"2017-12-23T09:31:33.774Z","v":0}
{"name":"hexo","hostname":"DESKTOP-04UDUGC","pid":13356,"level":20,"msg":"Processed: _config.yml","time":"2017-12-23T09:31:33.774Z","v":0}
{"name":"hexo","hostname":"DESKTOP-04UDUGC","pid":13356,"level":20,"msg":"Generator: page","time":"2017-12-23T09:31:33.880Z","v":0}
{"name":"hexo","hostname":"DESKTOP-04UDUGC","pid":13356,"level":20,"msg":"Generator: post","time":"2017-12-23T09:31:33.881Z","v":0}
{"name":"hexo","hostname":"DESKTOP-04UDUGC","pid":13356,"level":20,"msg":"Generator: archive","time":"2017-12-23T09:31:33.881Z","v":0}
{"name":"hexo","hostname":"DESKTOP-04UDUGC","pid":13356,"level":20,"msg":"Generator: index","time":"2017-12-23T09:31:33.881Z","v":0}
{"name":"hexo","hostname":"DESKTOP-04UDUGC","pid":13356,"level":20,"msg":"Generator: tag","time":"2017-12-23T09:31:33.881Z","v":0}
{"name":"hexo","hostname":"DESKTOP-04UDUGC","pid":13356,"level":20,"msg":"Generator: category","time":"2017-12-23T09:31:33.881Z","v":0}
{"name":"hexo","hostname":"DESKTOP-04UDUGC","pid":13356,"level":20,"msg":"Generator: asset","time":"2017-12-23T09:31:33.882Z","v":0}
{"name":"hexo","hostname":"DESKTOP-04UDUGC","pid":13356,"level":20,"msg":"Theme config loaded.","time":"2017-12-23T09:36:42.419Z","v":0}
{"name":"hexo","hostname":"DESKTOP-04UDUGC","pid":13356,"level":20,"msg":"Processed: _config.yml","time":"2017-12-23T09:36:42.419Z","v":0}
{"name":"hexo","hostname":"DESKTOP-04UDUGC","pid":13356,"level":20,"msg":"Generator: page","time":"2017-12-23T09:36:42.525Z","v":0}
{"name":"hexo","hostname":"DESKTOP-04UDUGC","pid":13356,"level":20,"msg":"Generator: post","time":"2017-12-23T09:36:42.525Z","v":0}
{"name":"hexo","hostname":"DESKTOP-04UDUGC","pid":13356,"level":20,"msg":"Generator: archive","time":"2017-12-23T09:36:42.525Z","v":0}
{"name":"hexo","hostname":"DESKTOP-04UDUGC","pid":13356,"level":20,"msg":"Generator: index","time":"2017-12-23T09:36:42.525Z","v":0}
{"name":"hexo","hostname":"DESKTOP-04UDUGC","pid":13356,"level":20,"msg":"Generator: tag","time":"2017-12-23T09:36:42.525Z","v":0}
{"name":"hexo","hostname":"DESKTOP-04UDUGC","pid":13356,"level":20,"msg":"Generator: category","time":"2017-12-23T09:36:42.525Z","v":0}
{"name":"hexo","hostname":"DESKTOP-04UDUGC","pid":13356,"level":20,"msg":"Generator: asset","time":"2017-12-23T09:36:42.526Z","v":0}
{"name":"hexo","hostname":"DESKTOP-04UDUGC","pid":13356,"level":20,"msg":"Processed: _config.yml","time":"2017-12-23T09:40:08.014Z","v":0}
{"name":"hexo","hostname":"DESKTOP-04UDUGC","pid":13356,"level":20,"msg":"Theme config loaded.","time":"2017-12-23T09:40:08.018Z","v":0}
{"name":"hexo","hostname":"DESKTOP-04UDUGC","pid":13356,"level":20,"msg":"Processed: _config.yml","time":"2017-12-23T09:40:08.018Z","v":0}
{"name":"hexo","hostname":"DESKTOP-04UDUGC","pid":13356,"level":20,"msg":"Theme config loaded.","time":"2017-12-23T09:40:08.026Z","v":0}
{"name":"hexo","hostname":"DESKTOP-04UDUGC","pid":13356,"level":20,"msg":"Processed: _config.yml","time":"2017-12-23T09:40:08.026Z","v":0}
{"name":"hexo","hostname":"DESKTOP-04UDUGC","pid":13356,"level":20,"msg":"Generator: page","time":"2017-12-23T09:40:08.140Z","v":0}
{"name":"hexo","hostname":"DESKTOP-04UDUGC","pid":13356,"level":20,"msg":"Generator: post","time":"2017-12-23T09:40:08.140Z","v":0}
{"name":"hexo","hostname":"DESKTOP-04UDUGC","pid":13356,"level":20,"msg":"Generator: archive","time":"2017-12-23T09:40:08.140Z","v":0}
{"name":"hexo","hostname":"DESKTOP-04UDUGC","pid":13356,"level":20,"msg":"Generator: index","time":"2017-12-23T09:40:08.140Z","v":0}
{"name":"hexo","hostname":"DESKTOP-04UDUGC","pid":13356,"level":20,"msg":"Generator: tag","time":"2017-12-23T09:40:08.140Z","v":0}
{"name":"hexo","hostname":"DESKTOP-04UDUGC","pid":13356,"level":20,"msg":"Generator: category","time":"2017-12-23T09:40:08.140Z","v":0}
{"name":"hexo","hostname":"DESKTOP-04UDUGC","pid":13356,"level":20,"msg":"Generator: asset","time":"2017-12-23T09:40:08.142Z","v":0}
{"name":"hexo","hostname":"DESKTOP-04UDUGC","pid":13356,"level":20,"msg":"Rendering index: index.html","time":"2017-12-23T09:50:41.388Z","v":0}
